<?xml version="1.0" encoding="UTF-8"?>
<!-- Generated by org.testng.reporters.JUnitReportReporter -->
<testsuite hostname="ThinkPad-T420" failures="0" tests="4" name="api.test.UserTests" time="9.770" errors="0" timestamp="2024-08-01T16:30:04 IST" skipped="0">
  <testcase classname="api.test.UserTests" name="testPostUser" time="5.150"/>
  <testcase classname="api.test.UserTests" name="testGetUserByName" time="1.207"/>
  <testcase classname="api.test.UserTests" name="testUpdateUserByName" time="2.327"/>
  <testcase classname="api.test.UserTests" name="testDeleteUserByName" time="1.086"/>
</testsuite> <!-- api.test.UserTests -->
