<?xml version="1.0" encoding="UTF-8"?>
<!-- Generated by org.testng.reporters.JUnitReportReporter -->
<testsuite hostname="ThinkPad-T420" failures="0" tests="4" name="api.test.UserTests" time="8.904" errors="0" timestamp="2024-08-06T23:28:51 IST" skipped="0">
  <testcase classname="api.test.UserTests" name="testPostUser" time="4.401"/>
  <testcase classname="api.test.UserTests" name="testGetUserByName" time="1.170"/>
  <testcase classname="api.test.UserTests" name="testUpdateUserByName" time="2.210"/>
  <testcase classname="api.test.UserTests" name="testDeleteUserByName" time="1.123"/>
</testsuite> <!-- api.test.UserTests -->
